Failing tests on Windows machine
I just posted on the Google Forums, but someway somehow my post immediately disappeared in the void. So I am reposting it again here.
I have 3 failing tests on my Windows 8.1 machine.
DefaultMockingDetailsTest.should_get_extra_interfaces
NoJUnitDependenciesTest.pure_mockito_should_not_depend_JUnit___ByteBuddy
ClassLoadersTest.excluding_class_loader_cannot_load_classes_when_no_correct_source_url_set
For the first test, I was able to let it pass by changing line https://github.com/mockito/mockito/blob/master/test/org/mockito/internal/util/DefaultMockingDetailsTest.java#L56 to
Bar bar = mock(Bar.class, withSettings().extraInterfaces(List.class, Observer.class));
I am not sure if this is indeed the correct test, so please let me know.
For the 2nd test, I first get the stack trace
java.lang.AssertionError: 'org\mockito\configuration\MockitoConfiguration' has some dependency to JUnit
    at org.mockitointegration.NoJUnitDependenciesTest.checkDependency(NoJUnitDependenciesTest.java:40)
    at org.mockitointegration.NoJUnitDependenciesTest.pure_mockito_should_not_depend_JUnit___ByteBuddy(NoJUnitDependenciesTest.java:32)
    at sun.reflect.NativeMethodAccessorImpl.invoke0(Native Method)
    at sun.reflect.NativeMethodAccessorImpl.invoke(NativeMethodAccessorImpl.java:62)
    at sun.reflect.DelegatingMethodAccessorImpl.invoke(DelegatingMethodAccessorImpl.java:43)
    at java.lang.reflect.Method.invoke(Method.java:497)
    at org.junit.runners.model.FrameworkMethod$1.runReflectiveCall(FrameworkMethod.java:45)
    at org.junit.internal.runners.model.ReflectiveCallable.run(ReflectiveCallable.java:15)
    at org.junit.runners.model.FrameworkMethod.invokeExplosively(FrameworkMethod.java:42)
    at org.junit.internal.runners.statements.InvokeMethod.evaluate(InvokeMethod.java:20)
    at org.junit.runners.ParentRunner.runLeaf(ParentRunner.java:263)
    at org.junit.runners.BlockJUnit4ClassRunner.runChild(BlockJUnit4ClassRunner.java:68)
    at org.junit.runners.BlockJUnit4ClassRunner.runChild(BlockJUnit4ClassRunner.java:47)
    at org.junit.runners.ParentRunner$3.run(ParentRunner.java:231)
    at org.junit.runners.ParentRunner$1.schedule(ParentRunner.java:60)
    at org.junit.runners.ParentRunner.runChildren(ParentRunner.java:229)
    at org.junit.runners.ParentRunner.access$000(ParentRunner.java:50)
    at org.junit.runners.ParentRunner$2.evaluate(ParentRunner.java:222)
    at org.junit.runners.ParentRunner.run(ParentRunner.java:300)
    at org.eclipse.jdt.internal.junit4.runner.JUnit4TestReference.run(JUnit4TestReference.java:50)
    at org.eclipse.jdt.internal.junit.runner.TestExecution.run(TestExecution.java:38)
    at org.eclipse.jdt.internal.junit.runner.RemoteTestRunner.runTests(RemoteTestRunner.java:459)
    at org.eclipse.jdt.internal.junit.runner.RemoteTestRunner.runTests(RemoteTestRunner.java:675)
    at org.eclipse.jdt.internal.junit.runner.RemoteTestRunner.run(RemoteTestRunner.java:382)
    at org.eclipse.jdt.internal.junit.runner.RemoteTestRunner.main(RemoteTestRunner.java:192)
Caused by: java.lang.NoClassDefFoundError: org\mockito\configuration\MockitoConfiguration (wrong name: org/mockito/configuration/MockitoConfiguration)
    at java.lang.ClassLoader.defineClass1(Native Method)
    at java.lang.ClassLoader.defineClass(ClassLoader.java:760)
    at java.security.SecureClassLoader.defineClass(SecureClassLoader.java:142)
    at java.net.URLClassLoader.defineClass(URLClassLoader.java:467)
    at java.net.URLClassLoader.access$100(URLClassLoader.java:73)
    at java.net.URLClassLoader$1.run(URLClassLoader.java:368)
    at java.net.URLClassLoader$1.run(URLClassLoader.java:362)
    at java.security.AccessController.doPrivileged(Native Method)
    at java.net.URLClassLoader.findClass(URLClassLoader.java:361)
    at org.mockitoutil.ClassLoaders$LocalExcludingURLClassLoader.findClass(ClassLoaders.java:156)
    at java.lang.ClassLoader.loadClass(ClassLoader.java:424)
    at java.lang.ClassLoader.loadClass(ClassLoader.java:357)
    at java.lang.Class.forName0(Native Method)
    at java.lang.Class.forName(Class.java:348)
    at org.mockitointegration.NoJUnitDependenciesTest.checkDependency(NoJUnitDependenciesTest.java:38)
    ... 24 more
When I change line https://github.com/mockito/mockito/blob/master/test/org/mockitoutil/ClassLoaders.java#L361 to
String temp = file.getAbsolutePath().substring(root.getAbsolutePath().length() + 1).replace('/', '.').replace('\\', '.');
I get the following stack trace:
java.lang.AssertionError: 'org.mockito.internal.progress.TimesTest' has some dependency to JUnit
    at org.mockitointegration.NoJUnitDependenciesTest.checkDependency(NoJUnitDependenciesTest.java:40)
    at org.mockitointegration.NoJUnitDependenciesTest.pure_mockito_should_not_depend_JUnit___ByteBuddy(NoJUnitDependenciesTest.java:32)
    at sun.reflect.NativeMethodAccessorImpl.invoke0(Native Method)
    at sun.reflect.NativeMethodAccessorImpl.invoke(NativeMethodAccessorImpl.java:62)
    at sun.reflect.DelegatingMethodAccessorImpl.invoke(DelegatingMethodAccessorImpl.java:43)
    at java.lang.reflect.Method.invoke(Method.java:497)
    at org.junit.runners.model.FrameworkMethod$1.runReflectiveCall(FrameworkMethod.java:45)
    at org.junit.internal.runners.model.ReflectiveCallable.run(ReflectiveCallable.java:15)
    at org.junit.runners.model.FrameworkMethod.invokeExplosively(FrameworkMethod.java:42)
    at org.junit.internal.runners.statements.InvokeMethod.evaluate(InvokeMethod.java:20)
    at org.junit.runners.ParentRunner.runLeaf(ParentRunner.java:263)
    at org.junit.runners.BlockJUnit4ClassRunner.runChild(BlockJUnit4ClassRunner.java:68)
    at org.junit.runners.BlockJUnit4ClassRunner.runChild(BlockJUnit4ClassRunner.java:47)
    at org.junit.runners.ParentRunner$3.run(ParentRunner.java:231)
    at org.junit.runners.ParentRunner$1.schedule(ParentRunner.java:60)
    at org.junit.runners.ParentRunner.runChildren(ParentRunner.java:229)
    at org.junit.runners.ParentRunner.access$000(ParentRunner.java:50)
    at org.junit.runners.ParentRunner$2.evaluate(ParentRunner.java:222)
    at org.junit.runners.ParentRunner.run(ParentRunner.java:300)
    at org.eclipse.jdt.internal.junit4.runner.JUnit4TestReference.run(JUnit4TestReference.java:50)
    at org.eclipse.jdt.internal.junit.runner.TestExecution.run(TestExecution.java:38)
    at org.eclipse.jdt.internal.junit.runner.RemoteTestRunner.runTests(RemoteTestRunner.java:459)
    at org.eclipse.jdt.internal.junit.runner.RemoteTestRunner.runTests(RemoteTestRunner.java:675)
    at org.eclipse.jdt.internal.junit.runner.RemoteTestRunner.run(RemoteTestRunner.java:382)
    at org.eclipse.jdt.internal.junit.runner.RemoteTestRunner.main(RemoteTestRunner.java:192)
Caused by: java.lang.NoClassDefFoundError: junit/framework/Assert
    at java.lang.ClassLoader.defineClass1(Native Method)
    at java.lang.ClassLoader.defineClass(ClassLoader.java:760)
    at java.security.SecureClassLoader.defineClass(SecureClassLoader.java:142)
    at java.net.URLClassLoader.defineClass(URLClassLoader.java:467)
    at java.net.URLClassLoader.access$100(URLClassLoader.java:73)
    at java.net.URLClassLoader$1.run(URLClassLoader.java:368)
    at java.net.URLClassLoader$1.run(URLClassLoader.java:362)
    at java.security.AccessController.doPrivileged(Native Method)
    at java.net.URLClassLoader.findClass(URLClassLoader.java:361)
    at org.mockitoutil.ClassLoaders$LocalExcludingURLClassLoader.findClass(ClassLoaders.java:156)
    at java.lang.ClassLoader.loadClass(ClassLoader.java:424)
    at java.lang.ClassLoader.loadClass(ClassLoader.java:357)
    at java.lang.ClassLoader.defineClass1(Native Method)
    at java.lang.ClassLoader.defineClass(ClassLoader.java:760)
    at java.security.SecureClassLoader.defineClass(SecureClassLoader.java:142)
    at java.net.URLClassLoader.defineClass(URLClassLoader.java:467)
    at java.net.URLClassLoader.access$100(URLClassLoader.java:73)
    at java.net.URLClassLoader$1.run(URLClassLoader.java:368)
    at java.net.URLClassLoader$1.run(URLClassLoader.java:362)
    at java.security.AccessController.doPrivileged(Native Method)
    at java.net.URLClassLoader.findClass(URLClassLoader.java:361)
    at org.mockitoutil.ClassLoaders$LocalExcludingURLClassLoader.findClass(ClassLoaders.java:156)
    at java.lang.ClassLoader.loadClass(ClassLoader.java:424)
    at java.lang.ClassLoader.loadClass(ClassLoader.java:357)
    at java.lang.Class.forName0(Native Method)
    at java.lang.Class.forName(Class.java:348)
    at org.mockitointegration.NoJUnitDependenciesTest.checkDependency(NoJUnitDependenciesTest.java:38)
    ... 24 more
Caused by: java.lang.ClassNotFoundException: classes with prefix : [junit, org.junit] are excluded
    at org.mockitoutil.ClassLoaders$LocalExcludingURLClassLoader.findClass(ClassLoaders.java:155)
    at java.lang.ClassLoader.loadClass(ClassLoader.java:424)
    at java.lang.ClassLoader.loadClass(ClassLoader.java:357)
    ... 51 more
The reason I changed that line is because the temp result does not contain dots on windows machines, due to the fact that absolutepath does not return a path seperated by / but by \\.
However then the test fails because the TimesTest in test/ does indeed depend on junit. Shouldn't it only load classes that are under src/?
The 3rd test I sadly have no clue why it is succeeding and not throwing an exception.
Looking forward to your responses =]